<?xml version="1.0" encoding="UTF-8"?>
<testsuite xmlns:xsi="http://www.w3.org/2001/XMLSchema-instance" xsi:noNamespaceSchemaLocation="https://maven.apache.org/surefire/maven-surefire-plugin/xsd/surefire-test-report.xsd" name="TestSuite" time="33.189" tests="2" errors="0" skipped="0" failures="1">
  <properties>
[...]
</properties>
  <testcase name="FillFormAndSendMail" classname="Framework.Test.FillFormAndSendMailTest" time="19.076">
    <failure message="Expected condition failed: waiting for element to be clickable: By.cssSelector: #select_option_215 (tried for 10 second(s) with 500 milliseconds interval)&#10;Build info: version: &apos;4.0.0&apos;, revision: &apos;3a21814679&apos;&#10;System info: host: &apos;DESKTOP-N69LPJK&apos;, ip: &apos;192.168.0.100&apos;, os.name: &apos;Windows 10&apos;, os.arch: &apos;amd64&apos;, os.version: &apos;10.0&apos;, java.version: &apos;1.8.0_302&apos;&#10;Driver info: org.openqa.selenium.chrome.ChromeDriver&#10;Capabilities {acceptInsecureCerts: false, browserName: chrome, browserVersion: 96.0.4664.110, chrome: {chromedriverVersion: 96.0.4664.45 (76e4c1bb2ab46..., userDataDir: C:\Users\Neort\AppData\Loca...}, goog:chromeOptions: {debuggerAddress: localhost:49584}, javascriptEnabled: true, networkConnectionEnabled: false, pageLoadStrategy: normal, platform: WINDOWS, platformName: WINDOWS, proxy: Proxy(), se:cdp: ws://localhost:49584/devtoo..., se:cdpVersion: 96.0.4664.110, setWindowRect: true, strictFileInteractability: false, timeouts: {implicit: 0, pageLoad: 300000, script: 30000}, unhandledPromptBehavior: dismiss and notify, webauthn:extension:credBlob: true, webauthn:extension:largeBlob: true, webauthn:virtualAuthenticators: true}&#10;Session ID: 75d5968c8c28dc0d56b28d67d3f16d99" type="org.openqa.selenium.TimeoutException">org.openqa.selenium.TimeoutException: 
Expected condition failed: waiting for element to be clickable: By.cssSelector: #select_option_215 (tried for 10 second(s) with 500 milliseconds interval)
Build info: version: '4.0.0', revision: '3a21814679'
System info: host: 'DESKTOP-N69LPJK', ip: '192.168.0.100', os.name: 'Windows 10', os.arch: 'amd64', os.version: '10.0', java.version: '1.8.0_302'
Driver info: org.openqa.selenium.chrome.ChromeDriver
Capabilities {acceptInsecureCerts: false, browserName: chrome, browserVersion: 96.0.4664.110, chrome: {chromedriverVersion: 96.0.4664.45 (76e4c1bb2ab46..., userDataDir: C:\Users\Neort\AppData\Loca...}, goog:chromeOptions: {debuggerAddress: localhost:49584}, javascriptEnabled: true, networkConnectionEnabled: false, pageLoadStrategy: normal, platform: WINDOWS, platformName: WINDOWS, proxy: Proxy(), se:cdp: ws://localhost:49584/devtoo..., se:cdpVersion: 96.0.4664.110, setWindowRect: true, strictFileInteractability: false, timeouts: {implicit: 0, pageLoad: 300000, script: 30000}, unhandledPromptBehavior: dismiss and notify, webauthn:extension:credBlob: true, webauthn:extension:largeBlob: true, webauthn:virtualAuthenticators: true}
Session ID: 75d5968c8c28dc0d56b28d67d3f16d99
	at Framework.Test.FillFormAndSendMailTest.FillFormAndSendMail(FillFormAndSendMailTest.java:34)
</failure>
    <system-out><![CDATA[2022-01-10 16:30:07,055 main ERROR Unrecognized format specifier []
2022-01-10 16:30:07,056 main ERROR Empty conversion specifier starting at position 20 in conversion pattern.
2022-01-10 16:30:07,065 main ERROR Unrecognized format specifier []
2022-01-10 16:30:07,065 main ERROR Empty conversion specifier starting at position 20 in conversion pattern.
2022-01-10 16:30:07,503 DEBUG logging.InternalLoggerFactory [main] %1 Using Log4J2 as the default logging framework
2022-01-10 16:30:07,511 DEBUG util.ResourceLeakDetector [main] %1 -Dio.netty.leakDetection.level: simple
2022-01-10 16:30:07,511 DEBUG util.ResourceLeakDetector [main] %1 -Dio.netty.leakDetection.targetRecords: 4
2022-01-10 16:30:07,515 DEBUG util.ResourceLeakDetectorFactory [main] %1 Loaded default ResourceLeakDetector: io.netty.util.ResourceLeakDetector@4b3ed2f0
2022-01-10 16:30:07,530 DEBUG internal.PlatformDependent0 [main] %1 -Dio.netty.noUnsafe: false
2022-01-10 16:30:07,530 DEBUG internal.PlatformDependent0 [main] %1 Java version: 8
2022-01-10 16:30:07,531 DEBUG internal.PlatformDependent0 [main] %1 sun.misc.Unsafe.theUnsafe: available
2022-01-10 16:30:07,532 DEBUG internal.PlatformDependent0 [main] %1 sun.misc.Unsafe.copyMemory: available
2022-01-10 16:30:07,532 DEBUG internal.PlatformDependent0 [main] %1 java.nio.Buffer.address: available
2022-01-10 16:30:07,533 DEBUG internal.PlatformDependent0 [main] %1 direct buffer constructor: available
2022-01-10 16:30:07,533 DEBUG internal.PlatformDependent0 [main] %1 java.nio.Bits.unaligned: available, true
2022-01-10 16:30:07,533 DEBUG internal.PlatformDependent0 [main] %1 jdk.internal.misc.Unsafe.allocateUninitializedArray(int): unavailable prior to Java9
2022-01-10 16:30:07,533 DEBUG internal.PlatformDependent0 [main] %1 java.nio.DirectByteBuffer.<init>(long, int): available
2022-01-10 16:30:07,534 DEBUG internal.PlatformDependent [main] %1 sun.misc.Unsafe: available
2022-01-10 16:30:07,534 DEBUG internal.PlatformDependent [main] %1 -Dio.netty.tmpdir: C:\Users\Neort\AppData\Local\Temp (java.io.tmpdir)
2022-01-10 16:30:07,534 DEBUG internal.PlatformDependent [main] %1 -Dio.netty.bitMode: 64 (sun.arch.data.model)
2022-01-10 16:30:07,535 DEBUG internal.PlatformDependent [main] %1 Platform: Windows
2022-01-10 16:30:07,535 DEBUG internal.PlatformDependent [main] %1 -Dio.netty.maxDirectMemory: 3806855168 bytes
2022-01-10 16:30:07,535 DEBUG internal.PlatformDependent [main] %1 -Dio.netty.uninitializedArrayAllocationThreshold: -1
2022-01-10 16:30:07,536 DEBUG internal.CleanerJava6 [main] %1 java.nio.ByteBuffer.cleaner(): available
2022-01-10 16:30:07,536 DEBUG internal.PlatformDependent [main] %1 -Dio.netty.noPreferDirect: false
2022-01-10 16:30:07,554 DEBUG internal.PlatformDependent [main] %1 org.jctools-core.MpscChunkedArrayQueue: available
2022-01-10 16:30:07,600 DEBUG internal.InternalThreadLocalMap [main] %1 -Dio.netty.threadLocalMap.stringBuilder.initialSize: 1024
2022-01-10 16:30:07,601 DEBUG internal.InternalThreadLocalMap [main] %1 -Dio.netty.threadLocalMap.stringBuilder.maxSize: 4096
2022-01-10 16:30:07,625 DEBUG ssl.JdkSslContext [main] %1 Default protocols (JDK): [TLSv1.2] 
2022-01-10 16:30:07,625 DEBUG ssl.JdkSslContext [main] %1 Default cipher suites (JDK): [TLS_ECDHE_ECDSA_WITH_AES_256_GCM_SHA384, TLS_ECDHE_ECDSA_WITH_AES_128_GCM_SHA256, TLS_ECDHE_RSA_WITH_AES_128_GCM_SHA256, TLS_ECDHE_RSA_WITH_AES_256_GCM_SHA384, TLS_ECDHE_RSA_WITH_AES_128_CBC_SHA, TLS_ECDHE_RSA_WITH_AES_256_CBC_SHA, TLS_RSA_WITH_AES_128_GCM_SHA256, TLS_RSA_WITH_AES_128_CBC_SHA, TLS_RSA_WITH_AES_256_CBC_SHA, TLS_AES_128_GCM_SHA256, TLS_AES_256_GCM_SHA384]
2022-01-10 16:30:07,650 DEBUG channel.MultithreadEventLoopGroup [main] %1 -Dio.netty.eventLoopThreads: 32
2022-01-10 16:30:07,659 DEBUG nio.NioEventLoop [main] %1 -Dio.netty.noKeySetOptimization: false
2022-01-10 16:30:07,659 DEBUG nio.NioEventLoop [main] %1 -Dio.netty.selectorAutoRebuildThreshold: 512
2022-01-10 16:30:07,668 TRACE nio.NioEventLoop [main] %1 instrumented a special java.util.Set into: sun.nio.ch.WindowsSelectorImpl@54d18072
2022-01-10 16:30:07,670 TRACE nio.NioEventLoop [main] %1 instrumented a special java.util.Set into: sun.nio.ch.WindowsSelectorImpl@424fd310
2022-01-10 16:30:07,670 TRACE nio.NioEventLoop [main] %1 instrumented a special java.util.Set into: sun.nio.ch.WindowsSelectorImpl@1a45193b
2022-01-10 16:30:07,671 TRACE nio.NioEventLoop [main] %1 instrumented a special java.util.Set into: sun.nio.ch.WindowsSelectorImpl@38f116f6
2022-01-10 16:30:07,671 TRACE nio.NioEventLoop [main] %1 instrumented a special java.util.Set into: sun.nio.ch.WindowsSelectorImpl@5286c33a
2022-01-10 16:30:07,672 TRACE nio.NioEventLoop [main] %1 instrumented a special java.util.Set into: sun.nio.ch.WindowsSelectorImpl@6e6d5d29
2022-01-10 16:30:07,673 TRACE nio.NioEventLoop [main] %1 instrumented a special java.util.Set into: sun.nio.ch.WindowsSelectorImpl@5c530d1e
2022-01-10 16:30:07,673 TRACE nio.NioEventLoop [main] %1 instrumented a special java.util.Set into: sun.nio.ch.WindowsSelectorImpl@6c25e6c4
2022-01-10 16:30:07,674 TRACE nio.NioEventLoop [main] %1 instrumented a special java.util.Set into: sun.nio.ch.WindowsSelectorImpl@85e6769
2022-01-10 16:30:07,674 TRACE nio.NioEventLoop [main] %1 instrumented a special java.util.Set into: sun.nio.ch.WindowsSelectorImpl@c5ee75e
2022-01-10 16:30:07,675 TRACE nio.NioEventLoop [main] %1 instrumented a special java.util.Set into: sun.nio.ch.WindowsSelectorImpl@48a12036
2022-01-10 16:30:07,675 TRACE nio.NioEventLoop [main] %1 instrumented a special java.util.Set into: sun.nio.ch.WindowsSelectorImpl@bf1ec20
2022-01-10 16:30:07,676 TRACE nio.NioEventLoop [main] %1 instrumented a special java.util.Set into: sun.nio.ch.WindowsSelectorImpl@70efb718
2022-01-10 16:30:07,677 TRACE nio.NioEventLoop [main] %1 instrumented a special java.util.Set into: sun.nio.ch.WindowsSelectorImpl@b70da4c
2022-01-10 16:30:07,677 TRACE nio.NioEventLoop [main] %1 instrumented a special java.util.Set into: sun.nio.ch.WindowsSelectorImpl@4a11eb84
2022-01-10 16:30:07,678 TRACE nio.NioEventLoop [main] %1 instrumented a special java.util.Set into: sun.nio.ch.WindowsSelectorImpl@4e858e0a
2022-01-10 16:30:07,679 TRACE nio.NioEventLoop [main] %1 instrumented a special java.util.Set into: sun.nio.ch.WindowsSelectorImpl@435fb7b5
2022-01-10 16:30:07,679 TRACE nio.NioEventLoop [main] %1 instrumented a special java.util.Set into: sun.nio.ch.WindowsSelectorImpl@4e70a728
2022-01-10 16:30:07,680 TRACE nio.NioEventLoop [main] %1 instrumented a special java.util.Set into: sun.nio.ch.WindowsSelectorImpl@b7838a9
2022-01-10 16:30:07,681 TRACE nio.NioEventLoop [main] %1 instrumented a special java.util.Set into: sun.nio.ch.WindowsSelectorImpl@696f0212
2022-01-10 16:30:07,681 TRACE nio.NioEventLoop [main] %1 instrumented a special java.util.Set into: sun.nio.ch.WindowsSelectorImpl@5733f295
2022-01-10 16:30:07,682 TRACE nio.NioEventLoop [main] %1 instrumented a special java.util.Set into: sun.nio.ch.WindowsSelectorImpl@1c3146bc
2022-01-10 16:30:07,683 TRACE nio.NioEventLoop [main] %1 instrumented a special java.util.Set into: sun.nio.ch.WindowsSelectorImpl@56c698e3
2022-01-10 16:30:07,684 TRACE nio.NioEventLoop [main] %1 instrumented a special java.util.Set into: sun.nio.ch.WindowsSelectorImpl@47a86fbb
2022-01-10 16:30:07,685 TRACE nio.NioEventLoop [main] %1 instrumented a special java.util.Set into: sun.nio.ch.WindowsSelectorImpl@f478a81
2022-01-10 16:30:07,685 TRACE nio.NioEventLoop [main] %1 instrumented a special java.util.Set into: sun.nio.ch.WindowsSelectorImpl@19553973
2022-01-10 16:30:07,686 TRACE nio.NioEventLoop [main] %1 instrumented a special java.util.Set into: sun.nio.ch.WindowsSelectorImpl@7bb6ab3a
2022-01-10 16:30:07,687 TRACE nio.NioEventLoop [main] %1 instrumented a special java.util.Set into: sun.nio.ch.WindowsSelectorImpl@7fe7c640
2022-01-10 16:30:07,687 TRACE nio.NioEventLoop [main] %1 instrumented a special java.util.Set into: sun.nio.ch.WindowsSelectorImpl@4c4748bf
2022-01-10 16:30:07,688 TRACE nio.NioEventLoop [main] %1 instrumented a special java.util.Set into: sun.nio.ch.WindowsSelectorImpl@7ce97ee5
2022-01-10 16:30:07,688 TRACE nio.NioEventLoop [main] %1 instrumented a special java.util.Set into: sun.nio.ch.WindowsSelectorImpl@32c8e539
2022-01-10 16:30:07,689 TRACE nio.NioEventLoop [main] %1 instrumented a special java.util.Set into: sun.nio.ch.WindowsSelectorImpl@73dce0e6
2022-01-10 16:30:07,710 DEBUG buffer.PooledByteBufAllocator [main] %1 -Dio.netty.allocator.numHeapArenas: 32
2022-01-10 16:30:07,710 DEBUG buffer.PooledByteBufAllocator [main] %1 -Dio.netty.allocator.numDirectArenas: 32
2022-01-10 16:30:07,711 DEBUG buffer.PooledByteBufAllocator [main] %1 -Dio.netty.allocator.pageSize: 8192
2022-01-10 16:30:07,711 DEBUG buffer.PooledByteBufAllocator [main] %1 -Dio.netty.allocator.maxOrder: 11
2022-01-10 16:30:07,711 DEBUG buffer.PooledByteBufAllocator [main] %1 -Dio.netty.allocator.chunkSize: 16777216
2022-01-10 16:30:07,711 DEBUG buffer.PooledByteBufAllocator [main] %1 -Dio.netty.allocator.smallCacheSize: 256
2022-01-10 16:30:07,711 DEBUG buffer.PooledByteBufAllocator [main] %1 -Dio.netty.allocator.normalCacheSize: 64
2022-01-10 16:30:07,711 DEBUG buffer.PooledByteBufAllocator [main] %1 -Dio.netty.allocator.maxCachedBufferCapacity: 32768
2022-01-10 16:30:07,711 DEBUG buffer.PooledByteBufAllocator [main] %1 -Dio.netty.allocator.cacheTrimInterval: 8192
2022-01-10 16:30:07,711 DEBUG buffer.PooledByteBufAllocator [main] %1 -Dio.netty.allocator.cacheTrimIntervalMillis: 0
2022-01-10 16:30:07,711 DEBUG buffer.PooledByteBufAllocator [main] %1 -Dio.netty.allocator.useCacheForAllThreads: true
2022-01-10 16:30:07,711 DEBUG buffer.PooledByteBufAllocator [main] %1 -Dio.netty.allocator.maxCachedByteBuffersPerChunk: 1023
2022-01-10 16:30:07,723 DEBUG buffer.ByteBufUtil [main] %1 -Dio.netty.allocator.type: pooled
2022-01-10 16:30:07,723 DEBUG buffer.ByteBufUtil [main] %1 -Dio.netty.threadLocalDirectBufferSize: 0
2022-01-10 16:30:07,723 DEBUG buffer.ByteBufUtil [main] %1 -Dio.netty.maxThreadLocalCharBufferSize: 16384
2022-01-10 16:30:08,506 DEBUG channel.DefaultChannelId [Forwarding newSession on session null to remote] %1 -Dio.netty.processId: 19864 (auto-detected)
2022-01-10 16:30:08,508 DEBUG util.NetUtil [Forwarding newSession on session null to remote] %1 -Djava.net.preferIPv4Stack: false
2022-01-10 16:30:08,508 DEBUG util.NetUtil [Forwarding newSession on session null to remote] %1 -Djava.net.preferIPv6Addresses: false
2022-01-10 16:30:08,578 DEBUG util.NetUtilInitializations [Forwarding newSession on session null to remote] %1 Loopback interface: lo (Software Loopback Interface 1, 127.0.0.1)
2022-01-10 16:30:08,579 DEBUG util.NetUtil [Forwarding newSession on session null to remote] %1 Failed to get SOMAXCONN from sysctl and file \proc\sys\net\core\somaxconn. Default: 200
2022-01-10 16:30:08,652 DEBUG channel.DefaultChannelId [Forwarding newSession on session null to remote] %1 -Dio.netty.machineId: 2c:f0:5d:ff:fe:5e:6a:fe (auto-detected)
2022-01-10 16:30:08,691 DEBUG buffer.AbstractByteBuf [AsyncHttpClient-1-2] %1 -Dio.netty.buffer.checkAccessible: true
2022-01-10 16:30:08,691 DEBUG buffer.AbstractByteBuf [AsyncHttpClient-1-2] %1 -Dio.netty.buffer.checkBounds: true
2022-01-10 16:30:08,692 DEBUG util.ResourceLeakDetectorFactory [AsyncHttpClient-1-2] %1 Loaded default ResourceLeakDetector: io.netty.util.ResourceLeakDetector@9add633
2022-01-10 16:30:08,718 DEBUG util.Recycler [AsyncHttpClient-1-2] %1 -Dio.netty.recycler.maxCapacityPerThread: 4096
2022-01-10 16:30:08,718 DEBUG util.Recycler [AsyncHttpClient-1-2] %1 -Dio.netty.recycler.maxSharedCapacityFactor: 2
2022-01-10 16:30:08,718 DEBUG util.Recycler [AsyncHttpClient-1-2] %1 -Dio.netty.recycler.linkCapacity: 16
2022-01-10 16:30:08,718 DEBUG util.Recycler [AsyncHttpClient-1-2] %1 -Dio.netty.recycler.ratio: 8
2022-01-10 16:30:08,718 DEBUG util.Recycler [AsyncHttpClient-1-2] %1 -Dio.netty.recycler.delayedQueue.ratio: 8
2022-01-10 16:30:09,303 DEBUG compression.Brotli [AsyncHttpClient-1-2] %1 brotli4j not in the classpath; Brotli support will be unavailable.
2022-01-10 16:30:09,424 DEBUG internal.ThreadLocalRandom [main] %1 -Dio.netty.initialSeedUniquifier: 0x46877d0777311a77
]]></system-out>
    <system-err><![CDATA[SLF4J: Failed to load class "org.slf4j.impl.StaticLoggerBinder".
SLF4J: Defaulting to no-operation (NOP) logger implementation
SLF4J: See http://www.slf4j.org/codes.html#StaticLoggerBinder for further details.
Starting ChromeDriver 96.0.4664.45 (76e4c1bb2ab4671b8beba3444e61c0f17584b2fc-refs/branch-heads/4664@{#947}) on port 61474
Only local connections are allowed.
Please see https://chromedriver.chromium.org/security-considerations for suggestions on keeping ChromeDriver safe.
ChromeDriver was started successfully.
янв 10, 2022 4:30:09 PM org.openqa.selenium.remote.ProtocolHandshake createSession
INFO: Detected dialect: W3C
янв 10, 2022 4:30:09 PM org.openqa.selenium.devtools.CdpVersionFinder findNearestMatch
WARNING: Unable to find an exact match for CDP version 96, so returning the closest version found: 95
янв 10, 2022 4:30:09 PM org.openqa.selenium.devtools.CdpVersionFinder findNearestMatch
INFO: Found CDP implementation for version 96 of 95
]]></system-err>
  </testcase>
  <testcase name="GetToPricingPage" classname="Framework.Test.GetToPricingPageTest" time="10.898"/>
</testsuite>